[1.060s] Invoking command in '/home/gautam/z_bot/src/bot_brain': PS1=(ros) \[\e]0;\u@\h: \w\a\]${debian_chroot:+($debian_chroot)}\u@\h:\w\$ PYTHONPATH=/home/gautam/z_bot/src/bot_brain/build/bot_brain/prefix_override:/home/gautam/.venvs/ros/lib/python3.13/site-packages/colcon_core/task/python/colcon_distutils_commands:/home/gautam/z_bot/src/bot_brain/install/bot_brain/lib/python3.13/site-packages:${PYTHONPATH} /home/gautam/.venvs/ros/bin/python3 -W ignore:setup.py install is deprecated -W ignore:easy_install command is deprecated setup.py egg_info --egg-base build/bot_brain build --build-base /home/gautam/z_bot/src/bot_brain/build/bot_brain/build install --record /home/gautam/z_bot/src/bot_brain/build/bot_brain/install.log --single-version-externally-managed install_data
[1.434s] running egg_info
[1.457s] creating build/bot_brain/bot_brain.egg-info
[1.457s] writing build/bot_brain/bot_brain.egg-info/PKG-INFO
[1.458s] writing dependency_links to build/bot_brain/bot_brain.egg-info/dependency_links.txt
[1.458s] writing entry points to build/bot_brain/bot_brain.egg-info/entry_points.txt
[1.459s] writing requirements to build/bot_brain/bot_brain.egg-info/requires.txt
[1.459s] writing top-level names to build/bot_brain/bot_brain.egg-info/top_level.txt
[1.459s] writing manifest file 'build/bot_brain/bot_brain.egg-info/SOURCES.txt'
[1.515s] reading manifest file 'build/bot_brain/bot_brain.egg-info/SOURCES.txt'
[1.516s] writing manifest file 'build/bot_brain/bot_brain.egg-info/SOURCES.txt'
[1.516s] running build
[1.516s] running build_py
[1.516s] creating /home/gautam/z_bot/src/bot_brain/build/bot_brain/build/lib/bot_brain
[1.517s] copying bot_brain/__init__.py -> /home/gautam/z_bot/src/bot_brain/build/bot_brain/build/lib/bot_brain
[1.517s] copying bot_brain/sound_test.py -> /home/gautam/z_bot/src/bot_brain/build/bot_brain/build/lib/bot_brain
[1.517s] creating /home/gautam/z_bot/src/bot_brain/build/bot_brain/build/lib/bot_brain/inputs
[1.517s] copying bot_brain/inputs/__init__.py -> /home/gautam/z_bot/src/bot_brain/build/bot_brain/build/lib/bot_brain/inputs
[1.517s] copying bot_brain/inputs/cam_run.py -> /home/gautam/z_bot/src/bot_brain/build/bot_brain/build/lib/bot_brain/inputs
[1.517s] copying bot_brain/inputs/ultra_run.py -> /home/gautam/z_bot/src/bot_brain/build/bot_brain/build/lib/bot_brain/inputs
[1.518s] copying bot_brain/inputs/yolo_run.py -> /home/gautam/z_bot/src/bot_brain/build/bot_brain/build/lib/bot_brain/inputs
[1.518s] copying bot_brain/inputs/imu_run.py -> /home/gautam/z_bot/src/bot_brain/build/bot_brain/build/lib/bot_brain/inputs
[1.518s] creating /home/gautam/z_bot/src/bot_brain/build/bot_brain/build/lib/bot_brain/outputs
[1.518s] copying bot_brain/outputs/__init__.py -> /home/gautam/z_bot/src/bot_brain/build/bot_brain/build/lib/bot_brain/outputs
[1.518s] copying bot_brain/outputs/motor_run.py -> /home/gautam/z_bot/src/bot_brain/build/bot_brain/build/lib/bot_brain/outputs
[1.518s] creating /home/gautam/z_bot/src/bot_brain/build/bot_brain/build/lib/bot_brain/logic
[1.518s] copying bot_brain/logic/params.py -> /home/gautam/z_bot/src/bot_brain/build/bot_brain/build/lib/bot_brain/logic
[1.519s] copying bot_brain/logic/world_model.py -> /home/gautam/z_bot/src/bot_brain/build/bot_brain/build/lib/bot_brain/logic
[1.519s] copying bot_brain/logic/__init__.py -> /home/gautam/z_bot/src/bot_brain/build/bot_brain/build/lib/bot_brain/logic
[1.519s] copying bot_brain/logic/fsm.py -> /home/gautam/z_bot/src/bot_brain/build/bot_brain/build/lib/bot_brain/logic
[1.519s] copying bot_brain/logic/command.py -> /home/gautam/z_bot/src/bot_brain/build/bot_brain/build/lib/bot_brain/logic
[1.519s] copying bot_brain/logic/brain_run.py -> /home/gautam/z_bot/src/bot_brain/build/bot_brain/build/lib/bot_brain/logic
[1.520s] running install
[1.526s] running install_lib
[1.553s] creating /home/gautam/z_bot/src/bot_brain/install/bot_brain/lib/python3.13/site-packages/bot_brain
[1.553s] copying /home/gautam/z_bot/src/bot_brain/build/bot_brain/build/lib/bot_brain/__init__.py -> /home/gautam/z_bot/src/bot_brain/install/bot_brain/lib/python3.13/site-packages/bot_brain
[1.553s] creating /home/gautam/z_bot/src/bot_brain/install/bot_brain/lib/python3.13/site-packages/bot_brain/inputs
[1.553s] copying /home/gautam/z_bot/src/bot_brain/build/bot_brain/build/lib/bot_brain/inputs/__init__.py -> /home/gautam/z_bot/src/bot_brain/install/bot_brain/lib/python3.13/site-packages/bot_brain/inputs
[1.553s] copying /home/gautam/z_bot/src/bot_brain/build/bot_brain/build/lib/bot_brain/inputs/cam_run.py -> /home/gautam/z_bot/src/bot_brain/install/bot_brain/lib/python3.13/site-packages/bot_brain/inputs
[1.554s] copying /home/gautam/z_bot/src/bot_brain/build/bot_brain/build/lib/bot_brain/inputs/ultra_run.py -> /home/gautam/z_bot/src/bot_brain/install/bot_brain/lib/python3.13/site-packages/bot_brain/inputs
[1.554s] copying /home/gautam/z_bot/src/bot_brain/build/bot_brain/build/lib/bot_brain/inputs/yolo_run.py -> /home/gautam/z_bot/src/bot_brain/install/bot_brain/lib/python3.13/site-packages/bot_brain/inputs
[1.554s] copying /home/gautam/z_bot/src/bot_brain/build/bot_brain/build/lib/bot_brain/inputs/imu_run.py -> /home/gautam/z_bot/src/bot_brain/install/bot_brain/lib/python3.13/site-packages/bot_brain/inputs
[1.554s] creating /home/gautam/z_bot/src/bot_brain/install/bot_brain/lib/python3.13/site-packages/bot_brain/outputs
[1.554s] copying /home/gautam/z_bot/src/bot_brain/build/bot_brain/build/lib/bot_brain/outputs/__init__.py -> /home/gautam/z_bot/src/bot_brain/install/bot_brain/lib/python3.13/site-packages/bot_brain/outputs
[1.554s] copying /home/gautam/z_bot/src/bot_brain/build/bot_brain/build/lib/bot_brain/outputs/motor_run.py -> /home/gautam/z_bot/src/bot_brain/install/bot_brain/lib/python3.13/site-packages/bot_brain/outputs
[1.554s] copying /home/gautam/z_bot/src/bot_brain/build/bot_brain/build/lib/bot_brain/sound_test.py -> /home/gautam/z_bot/src/bot_brain/install/bot_brain/lib/python3.13/site-packages/bot_brain
[1.554s] creating /home/gautam/z_bot/src/bot_brain/install/bot_brain/lib/python3.13/site-packages/bot_brain/logic
[1.555s] copying /home/gautam/z_bot/src/bot_brain/build/bot_brain/build/lib/bot_brain/logic/params.py -> /home/gautam/z_bot/src/bot_brain/install/bot_brain/lib/python3.13/site-packages/bot_brain/logic
[1.555s] copying /home/gautam/z_bot/src/bot_brain/build/bot_brain/build/lib/bot_brain/logic/world_model.py -> /home/gautam/z_bot/src/bot_brain/install/bot_brain/lib/python3.13/site-packages/bot_brain/logic
[1.555s] copying /home/gautam/z_bot/src/bot_brain/build/bot_brain/build/lib/bot_brain/logic/__init__.py -> /home/gautam/z_bot/src/bot_brain/install/bot_brain/lib/python3.13/site-packages/bot_brain/logic
[1.555s] copying /home/gautam/z_bot/src/bot_brain/build/bot_brain/build/lib/bot_brain/logic/fsm.py -> /home/gautam/z_bot/src/bot_brain/install/bot_brain/lib/python3.13/site-packages/bot_brain/logic
[1.555s] copying /home/gautam/z_bot/src/bot_brain/build/bot_brain/build/lib/bot_brain/logic/command.py -> /home/gautam/z_bot/src/bot_brain/install/bot_brain/lib/python3.13/site-packages/bot_brain/logic
[1.555s] copying /home/gautam/z_bot/src/bot_brain/build/bot_brain/build/lib/bot_brain/logic/brain_run.py -> /home/gautam/z_bot/src/bot_brain/install/bot_brain/lib/python3.13/site-packages/bot_brain/logic
[1.556s] byte-compiling /home/gautam/z_bot/src/bot_brain/install/bot_brain/lib/python3.13/site-packages/bot_brain/__init__.py to __init__.cpython-313.pyc
[1.556s] byte-compiling /home/gautam/z_bot/src/bot_brain/install/bot_brain/lib/python3.13/site-packages/bot_brain/inputs/__init__.py to __init__.cpython-313.pyc
[1.556s] byte-compiling /home/gautam/z_bot/src/bot_brain/install/bot_brain/lib/python3.13/site-packages/bot_brain/inputs/cam_run.py to cam_run.cpython-313.pyc
[1.558s] byte-compiling /home/gautam/z_bot/src/bot_brain/install/bot_brain/lib/python3.13/site-packages/bot_brain/inputs/ultra_run.py to ultra_run.cpython-313.pyc
[1.559s] byte-compiling /home/gautam/z_bot/src/bot_brain/install/bot_brain/lib/python3.13/site-packages/bot_brain/inputs/yolo_run.py to yolo_run.cpython-313.pyc
[1.562s] byte-compiling /home/gautam/z_bot/src/bot_brain/install/bot_brain/lib/python3.13/site-packages/bot_brain/inputs/imu_run.py to imu_run.cpython-313.pyc
[1.564s] byte-compiling /home/gautam/z_bot/src/bot_brain/install/bot_brain/lib/python3.13/site-packages/bot_brain/outputs/__init__.py to __init__.cpython-313.pyc
[1.564s] byte-compiling /home/gautam/z_bot/src/bot_brain/install/bot_brain/lib/python3.13/site-packages/bot_brain/outputs/motor_run.py to motor_run.cpython-313.pyc
[1.565s] byte-compiling /home/gautam/z_bot/src/bot_brain/install/bot_brain/lib/python3.13/site-packages/bot_brain/sound_test.py to sound_test.cpython-313.pyc
[1.565s] byte-compiling /home/gautam/z_bot/src/bot_brain/install/bot_brain/lib/python3.13/site-packages/bot_brain/logic/params.py to params.cpython-313.pyc
[1.565s] byte-compiling /home/gautam/z_bot/src/bot_brain/install/bot_brain/lib/python3.13/site-packages/bot_brain/logic/world_model.py to world_model.cpython-313.pyc
[1.566s] byte-compiling /home/gautam/z_bot/src/bot_brain/install/bot_brain/lib/python3.13/site-packages/bot_brain/logic/__init__.py to __init__.cpython-313.pyc
[1.566s] byte-compiling /home/gautam/z_bot/src/bot_brain/install/bot_brain/lib/python3.13/site-packages/bot_brain/logic/fsm.py to fsm.cpython-313.pyc
[1.567s] byte-compiling /home/gautam/z_bot/src/bot_brain/install/bot_brain/lib/python3.13/site-packages/bot_brain/logic/command.py to command.cpython-313.pyc
[1.567s] byte-compiling /home/gautam/z_bot/src/bot_brain/install/bot_brain/lib/python3.13/site-packages/bot_brain/logic/brain_run.py to brain_run.cpython-313.pyc
[1.568s] running install_data
[1.569s] creating /home/gautam/z_bot/src/bot_brain/install/bot_brain/share/ament_index/resource_index/packages
[1.569s] copying resource/bot_brain -> /home/gautam/z_bot/src/bot_brain/install/bot_brain/share/ament_index/resource_index/packages
[1.569s] copying package.xml -> /home/gautam/z_bot/src/bot_brain/install/bot_brain/share/bot_brain
[1.569s] running install_egg_info
[1.597s] Copying build/bot_brain/bot_brain.egg-info to /home/gautam/z_bot/src/bot_brain/install/bot_brain/lib/python3.13/site-packages/bot_brain-0.0.0-py3.13.egg-info
[1.597s] running install_scripts
[1.742s] Installing brain script to /home/gautam/z_bot/src/bot_brain/install/bot_brain/lib/bot_brain
[1.742s] Installing camera script to /home/gautam/z_bot/src/bot_brain/install/bot_brain/lib/bot_brain
[1.742s] Installing imu script to /home/gautam/z_bot/src/bot_brain/install/bot_brain/lib/bot_brain
[1.742s] Installing motor script to /home/gautam/z_bot/src/bot_brain/install/bot_brain/lib/bot_brain
[1.742s] Installing ultrasonic script to /home/gautam/z_bot/src/bot_brain/install/bot_brain/lib/bot_brain
[1.742s] Installing yolo script to /home/gautam/z_bot/src/bot_brain/install/bot_brain/lib/bot_brain
[1.743s] writing list of installed files to '/home/gautam/z_bot/src/bot_brain/build/bot_brain/install.log'
[1.809s] Invoked command in '/home/gautam/z_bot/src/bot_brain' returned '0': PS1=(ros) \[\e]0;\u@\h: \w\a\]${debian_chroot:+($debian_chroot)}\u@\h:\w\$ PYTHONPATH=/home/gautam/z_bot/src/bot_brain/build/bot_brain/prefix_override:/home/gautam/.venvs/ros/lib/python3.13/site-packages/colcon_core/task/python/colcon_distutils_commands:/home/gautam/z_bot/src/bot_brain/install/bot_brain/lib/python3.13/site-packages:${PYTHONPATH} /home/gautam/.venvs/ros/bin/python3 -W ignore:setup.py install is deprecated -W ignore:easy_install command is deprecated setup.py egg_info --egg-base build/bot_brain build --build-base /home/gautam/z_bot/src/bot_brain/build/bot_brain/build install --record /home/gautam/z_bot/src/bot_brain/build/bot_brain/install.log --single-version-externally-managed install_data
