[1.065s] Invoking command in '/home/gautam/z_bot/src/bot_brain': PS1=(ros) \[\e]0;\u@\h: \w\a\]${debian_chroot:+($debian_chroot)}\u@\h:\w\$ PYTHONPATH=/home/gautam/z_bot/src/build/bot_brain/prefix_override:/home/gautam/.venvs/ros/lib/python3.13/site-packages/colcon_core/task/python/colcon_distutils_commands:/home/gautam/z_bot/src/install/bot_brain/lib/python3.13/site-packages:${PYTHONPATH} /home/gautam/.venvs/ros/bin/python3 -W ignore:setup.py install is deprecated -W ignore:easy_install command is deprecated setup.py egg_info --egg-base ../build/bot_brain build --build-base /home/gautam/z_bot/src/build/bot_brain/build install --record /home/gautam/z_bot/src/build/bot_brain/install.log --single-version-externally-managed install_data
[1.435s] running egg_info
[1.460s] writing ../build/bot_brain/bot_brain.egg-info/PKG-INFO
[1.461s] writing dependency_links to ../build/bot_brain/bot_brain.egg-info/dependency_links.txt
[1.462s] writing entry points to ../build/bot_brain/bot_brain.egg-info/entry_points.txt
[1.463s] writing requirements to ../build/bot_brain/bot_brain.egg-info/requires.txt
[1.463s] writing top-level names to ../build/bot_brain/bot_brain.egg-info/top_level.txt
[1.520s] reading manifest file '../build/bot_brain/bot_brain.egg-info/SOURCES.txt'
[1.522s] writing manifest file '../build/bot_brain/bot_brain.egg-info/SOURCES.txt'
[1.522s] running build
[1.522s] running build_py
[1.524s] copying bot_brain/__init__.py -> /home/gautam/z_bot/src/build/bot_brain/build/lib/bot_brain
[1.524s] copying bot_brain/sound_test.py -> /home/gautam/z_bot/src/build/bot_brain/build/lib/bot_brain
[1.525s] copying bot_brain/inputs/__init__.py -> /home/gautam/z_bot/src/build/bot_brain/build/lib/bot_brain/inputs
[1.525s] copying bot_brain/inputs/cam_run.py -> /home/gautam/z_bot/src/build/bot_brain/build/lib/bot_brain/inputs
[1.525s] copying bot_brain/inputs/ultra_run.py -> /home/gautam/z_bot/src/build/bot_brain/build/lib/bot_brain/inputs
[1.525s] copying bot_brain/inputs/yolo_run.py -> /home/gautam/z_bot/src/build/bot_brain/build/lib/bot_brain/inputs
[1.526s] copying bot_brain/inputs/imu_run.py -> /home/gautam/z_bot/src/build/bot_brain/build/lib/bot_brain/inputs
[1.526s] copying bot_brain/outputs/__init__.py -> /home/gautam/z_bot/src/build/bot_brain/build/lib/bot_brain/outputs
[1.526s] copying bot_brain/outputs/driver_run.py -> /home/gautam/z_bot/src/build/bot_brain/build/lib/bot_brain/outputs
[1.527s] copying bot_brain/logic/params.py -> /home/gautam/z_bot/src/build/bot_brain/build/lib/bot_brain/logic
[1.527s] copying bot_brain/logic/world_model.py -> /home/gautam/z_bot/src/build/bot_brain/build/lib/bot_brain/logic
[1.527s] copying bot_brain/logic/__init__.py -> /home/gautam/z_bot/src/build/bot_brain/build/lib/bot_brain/logic
[1.527s] copying bot_brain/logic/fsm.py -> /home/gautam/z_bot/src/build/bot_brain/build/lib/bot_brain/logic
[1.527s] copying bot_brain/logic/command.py -> /home/gautam/z_bot/src/build/bot_brain/build/lib/bot_brain/logic
[1.527s] copying bot_brain/logic/brain_run.py -> /home/gautam/z_bot/src/build/bot_brain/build/lib/bot_brain/logic
[1.528s] running install
[1.534s] running install_lib
[1.562s] copying /home/gautam/z_bot/src/build/bot_brain/build/lib/bot_brain/outputs/driver_run.py -> /home/gautam/z_bot/src/install/bot_brain/lib/python3.13/site-packages/bot_brain/outputs
[1.563s] copying /home/gautam/z_bot/src/build/bot_brain/build/lib/bot_brain/logic/params.py -> /home/gautam/z_bot/src/install/bot_brain/lib/python3.13/site-packages/bot_brain/logic
[1.563s] copying /home/gautam/z_bot/src/build/bot_brain/build/lib/bot_brain/logic/world_model.py -> /home/gautam/z_bot/src/install/bot_brain/lib/python3.13/site-packages/bot_brain/logic
[1.564s] copying /home/gautam/z_bot/src/build/bot_brain/build/lib/bot_brain/logic/fsm.py -> /home/gautam/z_bot/src/install/bot_brain/lib/python3.13/site-packages/bot_brain/logic
[1.564s] copying /home/gautam/z_bot/src/build/bot_brain/build/lib/bot_brain/logic/brain_run.py -> /home/gautam/z_bot/src/install/bot_brain/lib/python3.13/site-packages/bot_brain/logic
[1.565s] byte-compiling /home/gautam/z_bot/src/install/bot_brain/lib/python3.13/site-packages/bot_brain/outputs/driver_run.py to driver_run.cpython-313.pyc
[1.567s] byte-compiling /home/gautam/z_bot/src/install/bot_brain/lib/python3.13/site-packages/bot_brain/logic/params.py to params.cpython-313.pyc
[1.567s] byte-compiling /home/gautam/z_bot/src/install/bot_brain/lib/python3.13/site-packages/bot_brain/logic/world_model.py to world_model.cpython-313.pyc
[1.568s] byte-compiling /home/gautam/z_bot/src/install/bot_brain/lib/python3.13/site-packages/bot_brain/logic/fsm.py to fsm.cpython-313.pyc
[1.569s] byte-compiling /home/gautam/z_bot/src/install/bot_brain/lib/python3.13/site-packages/bot_brain/logic/brain_run.py to brain_run.cpython-313.pyc
[1.571s] running install_data
[1.575s] copying resource/bot_brain -> /home/gautam/z_bot/src/install/bot_brain/share/ament_index/resource_index/packages
[1.575s] copying package.xml -> /home/gautam/z_bot/src/install/bot_brain/share/bot_brain
[1.575s] running install_egg_info
[1.601s] removing '/home/gautam/z_bot/src/install/bot_brain/lib/python3.13/site-packages/bot_brain-0.0.0-py3.13.egg-info' (and everything under it)
[1.601s] Copying ../build/bot_brain/bot_brain.egg-info to /home/gautam/z_bot/src/install/bot_brain/lib/python3.13/site-packages/bot_brain-0.0.0-py3.13.egg-info
[1.602s] running install_scripts
[1.744s] Installing brain script to /home/gautam/z_bot/src/install/bot_brain/lib/bot_brain
[1.745s] Installing camera script to /home/gautam/z_bot/src/install/bot_brain/lib/bot_brain
[1.746s] Installing imu script to /home/gautam/z_bot/src/install/bot_brain/lib/bot_brain
[1.747s] Installing motor script to /home/gautam/z_bot/src/install/bot_brain/lib/bot_brain
[1.747s] Installing ultrasonic script to /home/gautam/z_bot/src/install/bot_brain/lib/bot_brain
[1.748s] Installing yolo script to /home/gautam/z_bot/src/install/bot_brain/lib/bot_brain
[1.750s] writing list of installed files to '/home/gautam/z_bot/src/build/bot_brain/install.log'
[1.816s] Invoked command in '/home/gautam/z_bot/src/bot_brain' returned '0': PS1=(ros) \[\e]0;\u@\h: \w\a\]${debian_chroot:+($debian_chroot)}\u@\h:\w\$ PYTHONPATH=/home/gautam/z_bot/src/build/bot_brain/prefix_override:/home/gautam/.venvs/ros/lib/python3.13/site-packages/colcon_core/task/python/colcon_distutils_commands:/home/gautam/z_bot/src/install/bot_brain/lib/python3.13/site-packages:${PYTHONPATH} /home/gautam/.venvs/ros/bin/python3 -W ignore:setup.py install is deprecated -W ignore:easy_install command is deprecated setup.py egg_info --egg-base ../build/bot_brain build --build-base /home/gautam/z_bot/src/build/bot_brain/build install --record /home/gautam/z_bot/src/build/bot_brain/install.log --single-version-externally-managed install_data
