[1.029s] Invoking command in '/home/gautam/z_bot/src/bot_brain': PS1=(ros) \[\e]0;\u@\h: \w\a\]${debian_chroot:+($debian_chroot)}\u@\h:\w\$ PYTHONPATH=/home/gautam/z_bot/build/bot_brain/prefix_override:/home/gautam/.venvs/ros/lib/python3.13/site-packages/colcon_core/task/python/colcon_distutils_commands:/home/gautam/z_bot/install/bot_brain/lib/python3.13/site-packages:${PYTHONPATH} /home/gautam/.venvs/ros/bin/python3 -W ignore:setup.py install is deprecated -W ignore:easy_install command is deprecated setup.py egg_info --egg-base ../../build/bot_brain build --build-base /home/gautam/z_bot/build/bot_brain/build install --record /home/gautam/z_bot/build/bot_brain/install.log --single-version-externally-managed install_data
[1.395s] running egg_info
[1.420s] writing ../../build/bot_brain/bot_brain.egg-info/PKG-INFO
[1.421s] writing dependency_links to ../../build/bot_brain/bot_brain.egg-info/dependency_links.txt
[1.422s] writing entry points to ../../build/bot_brain/bot_brain.egg-info/entry_points.txt
[1.423s] writing requirements to ../../build/bot_brain/bot_brain.egg-info/requires.txt
[1.424s] writing top-level names to ../../build/bot_brain/bot_brain.egg-info/top_level.txt
[1.480s] reading manifest file '../../build/bot_brain/bot_brain.egg-info/SOURCES.txt'
[1.482s] writing manifest file '../../build/bot_brain/bot_brain.egg-info/SOURCES.txt'
[1.482s] running build
[1.482s] running build_py
[1.482s] copying bot_brain/__init__.py -> /home/gautam/z_bot/build/bot_brain/build/lib/bot_brain
[1.483s] copying bot_brain/sound_test.py -> /home/gautam/z_bot/build/bot_brain/build/lib/bot_brain
[1.483s] copying bot_brain/inputs/__init__.py -> /home/gautam/z_bot/build/bot_brain/build/lib/bot_brain/inputs
[1.483s] copying bot_brain/inputs/cam_run.py -> /home/gautam/z_bot/build/bot_brain/build/lib/bot_brain/inputs
[1.483s] copying bot_brain/inputs/ultra_run.py -> /home/gautam/z_bot/build/bot_brain/build/lib/bot_brain/inputs
[1.483s] copying bot_brain/inputs/yolo_run.py -> /home/gautam/z_bot/build/bot_brain/build/lib/bot_brain/inputs
[1.484s] copying bot_brain/inputs/imu_run.py -> /home/gautam/z_bot/build/bot_brain/build/lib/bot_brain/inputs
[1.484s] copying bot_brain/outputs/__init__.py -> /home/gautam/z_bot/build/bot_brain/build/lib/bot_brain/outputs
[1.484s] copying bot_brain/logic/params.py -> /home/gautam/z_bot/build/bot_brain/build/lib/bot_brain/logic
[1.484s] copying bot_brain/logic/world_model.py -> /home/gautam/z_bot/build/bot_brain/build/lib/bot_brain/logic
[1.484s] copying bot_brain/logic/__init__.py -> /home/gautam/z_bot/build/bot_brain/build/lib/bot_brain/logic
[1.485s] copying bot_brain/logic/fsm.py -> /home/gautam/z_bot/build/bot_brain/build/lib/bot_brain/logic
[1.485s] copying bot_brain/logic/command.py -> /home/gautam/z_bot/build/bot_brain/build/lib/bot_brain/logic
[1.485s] copying bot_brain/logic/brain_run.py -> /home/gautam/z_bot/build/bot_brain/build/lib/bot_brain/logic
[1.485s] running install
[1.492s] running install_lib
[1.519s] running install_data
[1.519s] copying resource/bot_brain -> /home/gautam/z_bot/install/bot_brain/share/ament_index/resource_index/packages
[1.520s] copying package.xml -> /home/gautam/z_bot/install/bot_brain/share/bot_brain
[1.520s] running install_egg_info
[1.546s] removing '/home/gautam/z_bot/install/bot_brain/lib/python3.13/site-packages/bot_brain-0.0.0-py3.13.egg-info' (and everything under it)
[1.546s] Copying ../../build/bot_brain/bot_brain.egg-info to /home/gautam/z_bot/install/bot_brain/lib/python3.13/site-packages/bot_brain-0.0.0-py3.13.egg-info
[1.547s] running install_scripts
[1.687s] Installing brain script to /home/gautam/z_bot/install/bot_brain/lib/bot_brain
[1.687s] Installing camera script to /home/gautam/z_bot/install/bot_brain/lib/bot_brain
[1.688s] Installing imu script to /home/gautam/z_bot/install/bot_brain/lib/bot_brain
[1.689s] Installing ultrasonic script to /home/gautam/z_bot/install/bot_brain/lib/bot_brain
[1.691s] Installing yolo script to /home/gautam/z_bot/install/bot_brain/lib/bot_brain
[1.692s] writing list of installed files to '/home/gautam/z_bot/build/bot_brain/install.log'
[1.758s] Invoked command in '/home/gautam/z_bot/src/bot_brain' returned '0': PS1=(ros) \[\e]0;\u@\h: \w\a\]${debian_chroot:+($debian_chroot)}\u@\h:\w\$ PYTHONPATH=/home/gautam/z_bot/build/bot_brain/prefix_override:/home/gautam/.venvs/ros/lib/python3.13/site-packages/colcon_core/task/python/colcon_distutils_commands:/home/gautam/z_bot/install/bot_brain/lib/python3.13/site-packages:${PYTHONPATH} /home/gautam/.venvs/ros/bin/python3 -W ignore:setup.py install is deprecated -W ignore:easy_install command is deprecated setup.py egg_info --egg-base ../../build/bot_brain build --build-base /home/gautam/z_bot/build/bot_brain/build install --record /home/gautam/z_bot/build/bot_brain/install.log --single-version-externally-managed install_data
