[1.025s] Invoking command in '/home/gautam/z_bot/build/bot_brain': PS1=(ros) \[\e]0;\u@\h: \w\a\]${debian_chroot:+($debian_chroot)}\u@\h:\w\$ PYTHONPATH=/home/gautam/z_bot/build/bot_brain/prefix_override:/home/gautam/.venvs/ros/lib/python3.13/site-packages/colcon_core/task/python/colcon_distutils_commands:/home/gautam/z_bot/install/bot_brain/lib/python3.13/site-packages:${PYTHONPATH} /home/gautam/.venvs/ros/bin/python3 -W ignore:setup.py install is deprecated -W ignore:easy_install command is deprecated setup.py develop --uninstall --editable --build-directory /home/gautam/z_bot/build/bot_brain/build
[1.397s] running develop
[1.637s] Removing /home/gautam/z_bot/install/bot_brain/lib/python3.13/site-packages/bot-brain.egg-link (link to .)
[1.712s] Invoked command in '/home/gautam/z_bot/build/bot_brain' returned '0': PS1=(ros) \[\e]0;\u@\h: \w\a\]${debian_chroot:+($debian_chroot)}\u@\h:\w\$ PYTHONPATH=/home/gautam/z_bot/build/bot_brain/prefix_override:/home/gautam/.venvs/ros/lib/python3.13/site-packages/colcon_core/task/python/colcon_distutils_commands:/home/gautam/z_bot/install/bot_brain/lib/python3.13/site-packages:${PYTHONPATH} /home/gautam/.venvs/ros/bin/python3 -W ignore:setup.py install is deprecated -W ignore:easy_install command is deprecated setup.py develop --uninstall --editable --build-directory /home/gautam/z_bot/build/bot_brain/build
[1.713s] Invoking command in '/home/gautam/z_bot/src/bot_brain': PS1=(ros) \[\e]0;\u@\h: \w\a\]${debian_chroot:+($debian_chroot)}\u@\h:\w\$ PYTHONPATH=/home/gautam/z_bot/build/bot_brain/prefix_override:/home/gautam/.venvs/ros/lib/python3.13/site-packages/colcon_core/task/python/colcon_distutils_commands:/home/gautam/z_bot/install/bot_brain/lib/python3.13/site-packages:${PYTHONPATH} /home/gautam/.venvs/ros/bin/python3 -W ignore:setup.py install is deprecated -W ignore:easy_install command is deprecated setup.py egg_info --egg-base ../../build/bot_brain build --build-base /home/gautam/z_bot/build/bot_brain/build install --record /home/gautam/z_bot/build/bot_brain/install.log --single-version-externally-managed install_data --force
[2.073s] running egg_info
[2.098s] writing ../../build/bot_brain/bot_brain.egg-info/PKG-INFO
[2.099s] writing dependency_links to ../../build/bot_brain/bot_brain.egg-info/dependency_links.txt
[2.101s] writing entry points to ../../build/bot_brain/bot_brain.egg-info/entry_points.txt
[2.102s] writing requirements to ../../build/bot_brain/bot_brain.egg-info/requires.txt
[2.104s] writing top-level names to ../../build/bot_brain/bot_brain.egg-info/top_level.txt
[2.160s] reading manifest file '../../build/bot_brain/bot_brain.egg-info/SOURCES.txt'
[2.161s] writing manifest file '../../build/bot_brain/bot_brain.egg-info/SOURCES.txt'
[2.161s] running build
[2.161s] running build_py
[2.161s] creating /home/gautam/z_bot/build/bot_brain/build/lib/bot_brain
[2.162s] copying bot_brain/__init__.py -> /home/gautam/z_bot/build/bot_brain/build/lib/bot_brain
[2.162s] creating /home/gautam/z_bot/build/bot_brain/build/lib/bot_brain/inputs
[2.162s] copying bot_brain/inputs/__init__.py -> /home/gautam/z_bot/build/bot_brain/build/lib/bot_brain/inputs
[2.162s] copying bot_brain/inputs/cam_run.py -> /home/gautam/z_bot/build/bot_brain/build/lib/bot_brain/inputs
[2.162s] copying bot_brain/inputs/ultra_run.py -> /home/gautam/z_bot/build/bot_brain/build/lib/bot_brain/inputs
[2.162s] copying bot_brain/inputs/yolo_run.py -> /home/gautam/z_bot/build/bot_brain/build/lib/bot_brain/inputs
[2.162s] copying bot_brain/inputs/imu_run.py -> /home/gautam/z_bot/build/bot_brain/build/lib/bot_brain/inputs
[2.163s] creating /home/gautam/z_bot/build/bot_brain/build/lib/bot_brain/outputs
[2.163s] copying bot_brain/outputs/__init__.py -> /home/gautam/z_bot/build/bot_brain/build/lib/bot_brain/outputs
[2.163s] creating /home/gautam/z_bot/build/bot_brain/build/lib/bot_brain/logic
[2.163s] copying bot_brain/logic/__init__.py -> /home/gautam/z_bot/build/bot_brain/build/lib/bot_brain/logic
[2.163s] copying bot_brain/logic/brain_run.py -> /home/gautam/z_bot/build/bot_brain/build/lib/bot_brain/logic
[2.164s] running install
[2.170s] running install_lib
[2.196s] creating /home/gautam/z_bot/install/bot_brain/lib/python3.13/site-packages/bot_brain
[2.196s] copying /home/gautam/z_bot/build/bot_brain/build/lib/bot_brain/__init__.py -> /home/gautam/z_bot/install/bot_brain/lib/python3.13/site-packages/bot_brain
[2.196s] creating /home/gautam/z_bot/install/bot_brain/lib/python3.13/site-packages/bot_brain/inputs
[2.196s] copying /home/gautam/z_bot/build/bot_brain/build/lib/bot_brain/inputs/__init__.py -> /home/gautam/z_bot/install/bot_brain/lib/python3.13/site-packages/bot_brain/inputs
[2.197s] copying /home/gautam/z_bot/build/bot_brain/build/lib/bot_brain/inputs/cam_run.py -> /home/gautam/z_bot/install/bot_brain/lib/python3.13/site-packages/bot_brain/inputs
[2.197s] copying /home/gautam/z_bot/build/bot_brain/build/lib/bot_brain/inputs/ultra_run.py -> /home/gautam/z_bot/install/bot_brain/lib/python3.13/site-packages/bot_brain/inputs
[2.197s] copying /home/gautam/z_bot/build/bot_brain/build/lib/bot_brain/inputs/yolo_run.py -> /home/gautam/z_bot/install/bot_brain/lib/python3.13/site-packages/bot_brain/inputs
[2.197s] copying /home/gautam/z_bot/build/bot_brain/build/lib/bot_brain/inputs/imu_run.py -> /home/gautam/z_bot/install/bot_brain/lib/python3.13/site-packages/bot_brain/inputs
[2.197s] creating /home/gautam/z_bot/install/bot_brain/lib/python3.13/site-packages/bot_brain/outputs
[2.197s] copying /home/gautam/z_bot/build/bot_brain/build/lib/bot_brain/outputs/__init__.py -> /home/gautam/z_bot/install/bot_brain/lib/python3.13/site-packages/bot_brain/outputs
[2.197s] creating /home/gautam/z_bot/install/bot_brain/lib/python3.13/site-packages/bot_brain/logic
[2.197s] copying /home/gautam/z_bot/build/bot_brain/build/lib/bot_brain/logic/__init__.py -> /home/gautam/z_bot/install/bot_brain/lib/python3.13/site-packages/bot_brain/logic
[2.198s] copying /home/gautam/z_bot/build/bot_brain/build/lib/bot_brain/logic/brain_run.py -> /home/gautam/z_bot/install/bot_brain/lib/python3.13/site-packages/bot_brain/logic
[2.198s] byte-compiling /home/gautam/z_bot/install/bot_brain/lib/python3.13/site-packages/bot_brain/__init__.py to __init__.cpython-313.pyc
[2.198s] byte-compiling /home/gautam/z_bot/install/bot_brain/lib/python3.13/site-packages/bot_brain/inputs/__init__.py to __init__.cpython-313.pyc
[2.199s] byte-compiling /home/gautam/z_bot/install/bot_brain/lib/python3.13/site-packages/bot_brain/inputs/cam_run.py to cam_run.cpython-313.pyc
[2.200s] byte-compiling /home/gautam/z_bot/install/bot_brain/lib/python3.13/site-packages/bot_brain/inputs/ultra_run.py to ultra_run.cpython-313.pyc
[2.201s] byte-compiling /home/gautam/z_bot/install/bot_brain/lib/python3.13/site-packages/bot_brain/inputs/yolo_run.py to yolo_run.cpython-313.pyc
[2.204s] byte-compiling /home/gautam/z_bot/install/bot_brain/lib/python3.13/site-packages/bot_brain/inputs/imu_run.py to imu_run.cpython-313.pyc
[2.205s] byte-compiling /home/gautam/z_bot/install/bot_brain/lib/python3.13/site-packages/bot_brain/outputs/__init__.py to __init__.cpython-313.pyc
[2.205s] byte-compiling /home/gautam/z_bot/install/bot_brain/lib/python3.13/site-packages/bot_brain/logic/__init__.py to __init__.cpython-313.pyc
[2.206s] byte-compiling /home/gautam/z_bot/install/bot_brain/lib/python3.13/site-packages/bot_brain/logic/brain_run.py to brain_run.cpython-313.pyc
[2.206s] running install_data
[2.206s] copying resource/bot_brain -> /home/gautam/z_bot/install/bot_brain/share/ament_index/resource_index/packages
[2.206s] copying package.xml -> /home/gautam/z_bot/install/bot_brain/share/bot_brain
[2.207s] running install_egg_info
[2.233s] Copying ../../build/bot_brain/bot_brain.egg-info to /home/gautam/z_bot/install/bot_brain/lib/python3.13/site-packages/bot_brain-0.0.0-py3.13.egg-info
[2.234s] running install_scripts
[2.374s] Installing brain script to /home/gautam/z_bot/install/bot_brain/lib/bot_brain
[2.374s] Installing camera script to /home/gautam/z_bot/install/bot_brain/lib/bot_brain
[2.378s] Installing imu script to /home/gautam/z_bot/install/bot_brain/lib/bot_brain
[2.379s] Installing ultrasonic script to /home/gautam/z_bot/install/bot_brain/lib/bot_brain
[2.380s] Installing yolo script to /home/gautam/z_bot/install/bot_brain/lib/bot_brain
[2.381s] writing list of installed files to '/home/gautam/z_bot/build/bot_brain/install.log'
[2.447s] Invoked command in '/home/gautam/z_bot/src/bot_brain' returned '0': PS1=(ros) \[\e]0;\u@\h: \w\a\]${debian_chroot:+($debian_chroot)}\u@\h:\w\$ PYTHONPATH=/home/gautam/z_bot/build/bot_brain/prefix_override:/home/gautam/.venvs/ros/lib/python3.13/site-packages/colcon_core/task/python/colcon_distutils_commands:/home/gautam/z_bot/install/bot_brain/lib/python3.13/site-packages:${PYTHONPATH} /home/gautam/.venvs/ros/bin/python3 -W ignore:setup.py install is deprecated -W ignore:easy_install command is deprecated setup.py egg_info --egg-base ../../build/bot_brain build --build-base /home/gautam/z_bot/build/bot_brain/build install --record /home/gautam/z_bot/build/bot_brain/install.log --single-version-externally-managed install_data --force
