[0.331s] Invoking command in '/home/gautam/z_bot/build/pigpio': PS1=(ros) \[\e]0;\u@\h: \w\a\]${debian_chroot:+($debian_chroot)}\u@\h:\w\$ /usr/bin/cmake --build /home/gautam/z_bot/build/pigpio -- -j4 -l4
[0.581s] [ 26%] Built target pigpio
[0.581s] [ 26%] Built target pigpiod_if
[0.590s] [ 39%] Built target pigs
[0.626s] [ 52%] Built target pigpiod_if2
[0.628s] [ 60%] Built target x_pigpiod_if
[0.645s] [ 69%] Built target pigpiod
[0.652s] [ 82%] Built target pig2vcd
[0.679s] [100%] Built target x_pigpiod_if2
[0.679s] [100%] Built target x_pigpio
[0.693s] Invoked command in '/home/gautam/z_bot/build/pigpio' returned '0': PS1=(ros) \[\e]0;\u@\h: \w\a\]${debian_chroot:+($debian_chroot)}\u@\h:\w\$ /usr/bin/cmake --build /home/gautam/z_bot/build/pigpio -- -j4 -l4
[0.708s] Invoking command in '/home/gautam/z_bot/build/pigpio': PS1=(ros) \[\e]0;\u@\h: \w\a\]${debian_chroot:+($debian_chroot)}\u@\h:\w\$ /usr/bin/cmake --install /home/gautam/z_bot/build/pigpio
[0.721s] -- Install configuration: ""
[0.729s] -- Up-to-date: /home/gautam/z_bot/install/pigpio/lib/libpigpio.so
[0.731s] -- Up-to-date: /home/gautam/z_bot/install/pigpio/lib/libpigpiod_if.so
[0.733s] -- Up-to-date: /home/gautam/z_bot/install/pigpio/lib/libpigpiod_if2.so
[0.736s] -- Up-to-date: /home/gautam/z_bot/install/pigpio/bin/pig2vcd
[0.738s] -- Up-to-date: /home/gautam/z_bot/install/pigpio/bin/pigpiod
[0.739s] -- Up-to-date: /home/gautam/z_bot/install/pigpio/bin/pigs
[0.741s] -- Up-to-date: /home/gautam/z_bot/install/pigpio/lib/cmake/pigpio/pigpioTargets.cmake
[0.741s] -- Up-to-date: /home/gautam/z_bot/install/pigpio/lib/cmake/pigpio/pigpioTargets-noconfig.cmake
[0.741s] -- Up-to-date: /home/gautam/z_bot/install/pigpio/lib/cmake/pigpio/pigpioConfig.cmake
[0.741s] -- Up-to-date: /home/gautam/z_bot/install/pigpio/lib/cmake/pigpio/pigpioConfigVersion.cmake
[0.742s] -- Up-to-date: /home/gautam/z_bot/install/pigpio/include/pigpio.h
[0.742s] -- Up-to-date: /home/gautam/z_bot/install/pigpio/include/pigpiod_if.h
[0.742s] -- Up-to-date: /home/gautam/z_bot/install/pigpio/include/pigpiod_if2.h
[0.743s] -- Up-to-date: /home/gautam/z_bot/install/pigpio/man/man1/libpigpio.so.1
[0.743s] -- Up-to-date: /home/gautam/z_bot/install/pigpio/man/man1/libpigpiod_if.so.1
[0.743s] -- Up-to-date: /home/gautam/z_bot/install/pigpio/man/man1/libpigpiod_if2.so.1
[0.743s] -- Up-to-date: /home/gautam/z_bot/install/pigpio/man/man1/pig2vcd.1
[0.743s] -- Up-to-date: /home/gautam/z_bot/install/pigpio/man/man1/pigpiod.1
[0.743s] -- Up-to-date: /home/gautam/z_bot/install/pigpio/man/man1/pigs.1
[0.743s] -- Up-to-date: /home/gautam/z_bot/install/pigpio/man/man3/pigpio.3
[0.743s] -- Up-to-date: /home/gautam/z_bot/install/pigpio/man/man3/pigpiod_if.3
[0.744s] -- Up-to-date: /home/gautam/z_bot/install/pigpio/man/man3/pigpiod_if2.3
[1.013s] /usr/lib/python3/dist-packages/setuptools/_distutils/cmd.py:90: SetuptoolsDeprecationWarning: setup.py install is deprecated.
[1.013s] !!
[1.013s] 
[1.013s]         ********************************************************************************
[1.013s]         Please avoid running ``setup.py`` directly.
[1.013s]         Instead, use pypa/build, pypa/installer or other
[1.013s]         standards-based tools.
[1.013s] 
[1.013s]         See https://blog.ganssle.io/articles/2021/10/setup-py-deprecated.html for details.
[1.013s]         ********************************************************************************
[1.013s] 
[1.013s] !!
[1.014s]   self.initialize_options()
[1.176s] /usr/lib/python3/dist-packages/setuptools/_distutils/cmd.py:90: EasyInstallDeprecationWarning: easy_install command is deprecated.
[1.176s] !!
[1.176s] 
[1.176s]         ********************************************************************************
[1.176s]         Please avoid running ``setup.py`` and ``easy_install``.
[1.176s]         Instead, use pypa/build, pypa/installer or other
[1.176s]         standards-based tools.
[1.176s] 
[1.176s]         See https://github.com/pypa/setuptools/issues/917 for details.
[1.176s]         ********************************************************************************
[1.176s] 
[1.176s] !!
[1.176s]   self.initialize_options()
[1.455s] error: Cannot update time stamp of directory '/home/gautam/z_bot/pigpio/pigpio.egg-info'
[1.528s] Invoked command in '/home/gautam/z_bot/build/pigpio' returned '0': PS1=(ros) \[\e]0;\u@\h: \w\a\]${debian_chroot:+($debian_chroot)}\u@\h:\w\$ /usr/bin/cmake --install /home/gautam/z_bot/build/pigpio
