[1.721s] Invoking command in '/home/gautam/z_bot/src/bot_brain': PS1=(ros) \[\e]0;\u@\h: \w\a\]${debian_chroot:+($debian_chroot)}\u@\h:\w\$ PYTHONPATH=/home/gautam/z_bot/build/bot_brain/prefix_override:/home/gautam/.venvs/ros/lib/python3.13/site-packages/colcon_core/task/python/colcon_distutils_commands:/home/gautam/z_bot/install/bot_brain/lib/python3.13/site-packages:${PYTHONPATH} /home/gautam/.venvs/ros/bin/python3 -W ignore:setup.py install is deprecated -W ignore:easy_install command is deprecated setup.py egg_info --egg-base ../../build/bot_brain build --build-base /home/gautam/z_bot/build/bot_brain/build install --record /home/gautam/z_bot/build/bot_brain/install.log --single-version-externally-managed install_data
[2.238s] running egg_info
[2.274s] writing ../../build/bot_brain/bot_brain.egg-info/PKG-INFO
[2.276s] writing dependency_links to ../../build/bot_brain/bot_brain.egg-info/dependency_links.txt
[2.278s] writing entry points to ../../build/bot_brain/bot_brain.egg-info/entry_points.txt
[2.280s] writing requirements to ../../build/bot_brain/bot_brain.egg-info/requires.txt
[2.280s] writing top-level names to ../../build/bot_brain/bot_brain.egg-info/top_level.txt
[2.352s] reading manifest file '../../build/bot_brain/bot_brain.egg-info/SOURCES.txt'
[2.354s] writing manifest file '../../build/bot_brain/bot_brain.egg-info/SOURCES.txt'
[2.354s] running build
[2.354s] running build_py
[2.357s] copying bot_brain/__init__.py -> /home/gautam/z_bot/build/bot_brain/build/lib/bot_brain
[2.357s] copying bot_brain/sound_test.py -> /home/gautam/z_bot/build/bot_brain/build/lib/bot_brain
[2.358s] copying bot_brain/inputs/__init__.py -> /home/gautam/z_bot/build/bot_brain/build/lib/bot_brain/inputs
[2.358s] copying bot_brain/inputs/cam_run.py -> /home/gautam/z_bot/build/bot_brain/build/lib/bot_brain/inputs
[2.359s] copying bot_brain/inputs/ultra_run.py -> /home/gautam/z_bot/build/bot_brain/build/lib/bot_brain/inputs
[2.359s] copying bot_brain/inputs/yolo_run.py -> /home/gautam/z_bot/build/bot_brain/build/lib/bot_brain/inputs
[2.360s] copying bot_brain/inputs/imu_run.py -> /home/gautam/z_bot/build/bot_brain/build/lib/bot_brain/inputs
[2.361s] copying bot_brain/outputs/__init__.py -> /home/gautam/z_bot/build/bot_brain/build/lib/bot_brain/outputs
[2.361s] copying bot_brain/outputs/motor_run.py -> /home/gautam/z_bot/build/bot_brain/build/lib/bot_brain/outputs
[2.362s] copying bot_brain/logic/params.py -> /home/gautam/z_bot/build/bot_brain/build/lib/bot_brain/logic
[2.362s] copying bot_brain/logic/world_model.py -> /home/gautam/z_bot/build/bot_brain/build/lib/bot_brain/logic
[2.363s] copying bot_brain/logic/__init__.py -> /home/gautam/z_bot/build/bot_brain/build/lib/bot_brain/logic
[2.363s] copying bot_brain/logic/fsm.py -> /home/gautam/z_bot/build/bot_brain/build/lib/bot_brain/logic
[2.363s] copying bot_brain/logic/command.py -> /home/gautam/z_bot/build/bot_brain/build/lib/bot_brain/logic
[2.364s] copying bot_brain/logic/brain_run.py -> /home/gautam/z_bot/build/bot_brain/build/lib/bot_brain/logic
[2.365s] running install
[2.371s] running install_lib
[2.402s] copying /home/gautam/z_bot/build/bot_brain/build/lib/bot_brain/outputs/motor_run.py -> /home/gautam/z_bot/install/bot_brain/lib/python3.13/site-packages/bot_brain/outputs
[2.404s] byte-compiling /home/gautam/z_bot/install/bot_brain/lib/python3.13/site-packages/bot_brain/outputs/motor_run.py to motor_run.cpython-313.pyc
[2.406s] running install_data
[2.407s] copying resource/bot_brain -> /home/gautam/z_bot/install/bot_brain/share/ament_index/resource_index/packages
[2.407s] copying package.xml -> /home/gautam/z_bot/install/bot_brain/share/bot_brain
[2.407s] running install_egg_info
[2.441s] removing '/home/gautam/z_bot/install/bot_brain/lib/python3.13/site-packages/bot_brain-0.0.0-py3.13.egg-info' (and everything under it)
[2.441s] Copying ../../build/bot_brain/bot_brain.egg-info to /home/gautam/z_bot/install/bot_brain/lib/python3.13/site-packages/bot_brain-0.0.0-py3.13.egg-info
[2.443s] running install_scripts
[2.608s] Installing brain script to /home/gautam/z_bot/install/bot_brain/lib/bot_brain
[2.611s] Installing camera script to /home/gautam/z_bot/install/bot_brain/lib/bot_brain
[2.611s] Installing imu script to /home/gautam/z_bot/install/bot_brain/lib/bot_brain
[2.611s] Installing motor script to /home/gautam/z_bot/install/bot_brain/lib/bot_brain
[2.612s] Installing ultrasonic script to /home/gautam/z_bot/install/bot_brain/lib/bot_brain
[2.612s] Installing yolo script to /home/gautam/z_bot/install/bot_brain/lib/bot_brain
[2.614s] writing list of installed files to '/home/gautam/z_bot/build/bot_brain/install.log'
[2.701s] Invoked command in '/home/gautam/z_bot/src/bot_brain' returned '0': PS1=(ros) \[\e]0;\u@\h: \w\a\]${debian_chroot:+($debian_chroot)}\u@\h:\w\$ PYTHONPATH=/home/gautam/z_bot/build/bot_brain/prefix_override:/home/gautam/.venvs/ros/lib/python3.13/site-packages/colcon_core/task/python/colcon_distutils_commands:/home/gautam/z_bot/install/bot_brain/lib/python3.13/site-packages:${PYTHONPATH} /home/gautam/.venvs/ros/bin/python3 -W ignore:setup.py install is deprecated -W ignore:easy_install command is deprecated setup.py egg_info --egg-base ../../build/bot_brain build --build-base /home/gautam/z_bot/build/bot_brain/build install --record /home/gautam/z_bot/build/bot_brain/install.log --single-version-externally-managed install_data
