/home/gautam/z_bot/install/bot_brain/lib/python3.13/site-packages/bot_brain/__init__.py
/home/gautam/z_bot/install/bot_brain/lib/python3.13/site-packages/bot_brain/sound_test.py
/home/gautam/z_bot/install/bot_brain/lib/python3.13/site-packages/bot_brain/inputs/__init__.py
/home/gautam/z_bot/install/bot_brain/lib/python3.13/site-packages/bot_brain/inputs/cam_run.py
/home/gautam/z_bot/install/bot_brain/lib/python3.13/site-packages/bot_brain/inputs/ultra_run.py
/home/gautam/z_bot/install/bot_brain/lib/python3.13/site-packages/bot_brain/inputs/yolo_run.py
/home/gautam/z_bot/install/bot_brain/lib/python3.13/site-packages/bot_brain/inputs/imu_run.py
/home/gautam/z_bot/install/bot_brain/lib/python3.13/site-packages/bot_brain/outputs/__init__.py
/home/gautam/z_bot/install/bot_brain/lib/python3.13/site-packages/bot_brain/outputs/motor_run.py
/home/gautam/z_bot/install/bot_brain/lib/python3.13/site-packages/bot_brain/logic/params.py
/home/gautam/z_bot/install/bot_brain/lib/python3.13/site-packages/bot_brain/logic/world_model.py
/home/gautam/z_bot/install/bot_brain/lib/python3.13/site-packages/bot_brain/logic/__init__.py
/home/gautam/z_bot/install/bot_brain/lib/python3.13/site-packages/bot_brain/logic/fsm.py
/home/gautam/z_bot/install/bot_brain/lib/python3.13/site-packages/bot_brain/logic/command.py
/home/gautam/z_bot/install/bot_brain/lib/python3.13/site-packages/bot_brain/logic/brain_run.py
/home/gautam/z_bot/install/bot_brain/lib/python3.13/site-packages/bot_brain/__pycache__/__init__.cpython-313.pyc
/home/gautam/z_bot/install/bot_brain/lib/python3.13/site-packages/bot_brain/__pycache__/sound_test.cpython-313.pyc
/home/gautam/z_bot/install/bot_brain/lib/python3.13/site-packages/bot_brain/inputs/__pycache__/__init__.cpython-313.pyc
/home/gautam/z_bot/install/bot_brain/lib/python3.13/site-packages/bot_brain/inputs/__pycache__/cam_run.cpython-313.pyc
/home/gautam/z_bot/install/bot_brain/lib/python3.13/site-packages/bot_brain/inputs/__pycache__/ultra_run.cpython-313.pyc
/home/gautam/z_bot/install/bot_brain/lib/python3.13/site-packages/bot_brain/inputs/__pycache__/yolo_run.cpython-313.pyc
/home/gautam/z_bot/install/bot_brain/lib/python3.13/site-packages/bot_brain/inputs/__pycache__/imu_run.cpython-313.pyc
/home/gautam/z_bot/install/bot_brain/lib/python3.13/site-packages/bot_brain/outputs/__pycache__/__init__.cpython-313.pyc
/home/gautam/z_bot/install/bot_brain/lib/python3.13/site-packages/bot_brain/outputs/__pycache__/motor_run.cpython-313.pyc
/home/gautam/z_bot/install/bot_brain/lib/python3.13/site-packages/bot_brain/logic/__pycache__/params.cpython-313.pyc
/home/gautam/z_bot/install/bot_brain/lib/python3.13/site-packages/bot_brain/logic/__pycache__/world_model.cpython-313.pyc
/home/gautam/z_bot/install/bot_brain/lib/python3.13/site-packages/bot_brain/logic/__pycache__/__init__.cpython-313.pyc
/home/gautam/z_bot/install/bot_brain/lib/python3.13/site-packages/bot_brain/logic/__pycache__/fsm.cpython-313.pyc
/home/gautam/z_bot/install/bot_brain/lib/python3.13/site-packages/bot_brain/logic/__pycache__/command.cpython-313.pyc
/home/gautam/z_bot/install/bot_brain/lib/python3.13/site-packages/bot_brain/logic/__pycache__/brain_run.cpython-313.pyc
/home/gautam/z_bot/install/bot_brain/share/ament_index/resource_index/packages/bot_brain
/home/gautam/z_bot/install/bot_brain/share/bot_brain/package.xml
/home/gautam/z_bot/install/bot_brain/lib/python3.13/site-packages/bot_brain-0.0.0-py3.13.egg-info/zip-safe
/home/gautam/z_bot/install/bot_brain/lib/python3.13/site-packages/bot_brain-0.0.0-py3.13.egg-info/entry_points.txt
/home/gautam/z_bot/install/bot_brain/lib/python3.13/site-packages/bot_brain-0.0.0-py3.13.egg-info/requires.txt
/home/gautam/z_bot/install/bot_brain/lib/python3.13/site-packages/bot_brain-0.0.0-py3.13.egg-info/SOURCES.txt
/home/gautam/z_bot/install/bot_brain/lib/python3.13/site-packages/bot_brain-0.0.0-py3.13.egg-info/dependency_links.txt
/home/gautam/z_bot/install/bot_brain/lib/python3.13/site-packages/bot_brain-0.0.0-py3.13.egg-info/PKG-INFO
/home/gautam/z_bot/install/bot_brain/lib/python3.13/site-packages/bot_brain-0.0.0-py3.13.egg-info/top_level.txt
/home/gautam/z_bot/install/bot_brain/lib/bot_brain/brain
/home/gautam/z_bot/install/bot_brain/lib/bot_brain/camera
/home/gautam/z_bot/install/bot_brain/lib/bot_brain/imu
/home/gautam/z_bot/install/bot_brain/lib/bot_brain/motor
/home/gautam/z_bot/install/bot_brain/lib/bot_brain/ultrasonic
/home/gautam/z_bot/install/bot_brain/lib/bot_brain/yolo
