[ 39%] Built target pigpiod_if2
[ 39%] Built target pigpiod_if
[ 39%] Built target pigpio
[ 65%] Built target pigs
[ 65%] Built target pig2vcd
[ 73%] Built target x_pigpiod_if
[ 91%] Built target x_pigpiod_if2
[ 91%] Built target x_pigpio
[100%] Built target pigpiod
-- Install configuration: ""
-- Up-to-date: /home/gautam/z_bot/install/pigpio/lib/libpigpio.so
-- Up-to-date: /home/gautam/z_bot/install/pigpio/lib/libpigpiod_if.so
-- Up-to-date: /home/gautam/z_bot/install/pigpio/lib/libpigpiod_if2.so
-- Up-to-date: /home/gautam/z_bot/install/pigpio/bin/pig2vcd
-- Up-to-date: /home/gautam/z_bot/install/pigpio/bin/pigpiod
-- Up-to-date: /home/gautam/z_bot/install/pigpio/bin/pigs
-- Up-to-date: /home/gautam/z_bot/install/pigpio/lib/cmake/pigpio/pigpioTargets.cmake
-- Up-to-date: /home/gautam/z_bot/install/pigpio/lib/cmake/pigpio/pigpioTargets-noconfig.cmake
-- Up-to-date: /home/gautam/z_bot/install/pigpio/lib/cmake/pigpio/pigpioConfig.cmake
-- Up-to-date: /home/gautam/z_bot/install/pigpio/lib/cmake/pigpio/pigpioConfigVersion.cmake
-- Up-to-date: /home/gautam/z_bot/install/pigpio/include/pigpio.h
-- Up-to-date: /home/gautam/z_bot/install/pigpio/include/pigpiod_if.h
-- Up-to-date: /home/gautam/z_bot/install/pigpio/include/pigpiod_if2.h
-- Up-to-date: /home/gautam/z_bot/install/pigpio/man/man1/libpigpio.so.1
-- Up-to-date: /home/gautam/z_bot/install/pigpio/man/man1/libpigpiod_if.so.1
-- Up-to-date: /home/gautam/z_bot/install/pigpio/man/man1/libpigpiod_if2.so.1
-- Up-to-date: /home/gautam/z_bot/install/pigpio/man/man1/pig2vcd.1
-- Up-to-date: /home/gautam/z_bot/install/pigpio/man/man1/pigpiod.1
-- Up-to-date: /home/gautam/z_bot/install/pigpio/man/man1/pigs.1
-- Up-to-date: /home/gautam/z_bot/install/pigpio/man/man3/pigpio.3
-- Up-to-date: /home/gautam/z_bot/install/pigpio/man/man3/pigpiod_if.3
-- Up-to-date: /home/gautam/z_bot/install/pigpio/man/man3/pigpiod_if2.3
/usr/lib/python3/dist-packages/setuptools/_distutils/cmd.py:90: SetuptoolsDeprecationWarning: setup.py install is deprecated.
!!

        ********************************************************************************
        Please avoid running ``setup.py`` directly.
        Instead, use pypa/build, pypa/installer or other
        standards-based tools.

        See https://blog.ganssle.io/articles/2021/10/setup-py-deprecated.html for details.
        ********************************************************************************

!!
  self.initialize_options()
/usr/lib/python3/dist-packages/setuptools/_distutils/cmd.py:90: EasyInstallDeprecationWarning: easy_install command is deprecated.
!!

        ********************************************************************************
        Please avoid running ``setup.py`` and ``easy_install``.
        Instead, use pypa/build, pypa/installer or other
        standards-based tools.

        See https://github.com/pypa/setuptools/issues/917 for details.
        ********************************************************************************

!!
  self.initialize_options()
error: Cannot update time stamp of directory '/home/gautam/z_bot/pigpio/pigpio.egg-info'
