running egg_info
creating ../build/bot_brain/bot_brain.egg-info
writing ../build/bot_brain/bot_brain.egg-info/PKG-INFO
writing dependency_links to ../build/bot_brain/bot_brain.egg-info/dependency_links.txt
writing entry points to ../build/bot_brain/bot_brain.egg-info/entry_points.txt
writing requirements to ../build/bot_brain/bot_brain.egg-info/requires.txt
writing top-level names to ../build/bot_brain/bot_brain.egg-info/top_level.txt
writing manifest file '../build/bot_brain/bot_brain.egg-info/SOURCES.txt'
reading manifest file '../build/bot_brain/bot_brain.egg-info/SOURCES.txt'
writing manifest file '../build/bot_brain/bot_brain.egg-info/SOURCES.txt'
running build
running build_py
creating /home/gautam/z_bot/src/build/bot_brain/build/lib/bot_brain
copying bot_brain/__init__.py -> /home/gautam/z_bot/src/build/bot_brain/build/lib/bot_brain
copying bot_brain/sound_test.py -> /home/gautam/z_bot/src/build/bot_brain/build/lib/bot_brain
creating /home/gautam/z_bot/src/build/bot_brain/build/lib/bot_brain/inputs
copying bot_brain/inputs/__init__.py -> /home/gautam/z_bot/src/build/bot_brain/build/lib/bot_brain/inputs
copying bot_brain/inputs/cam_run.py -> /home/gautam/z_bot/src/build/bot_brain/build/lib/bot_brain/inputs
copying bot_brain/inputs/ultra_run.py -> /home/gautam/z_bot/src/build/bot_brain/build/lib/bot_brain/inputs
copying bot_brain/inputs/yolo_run.py -> /home/gautam/z_bot/src/build/bot_brain/build/lib/bot_brain/inputs
copying bot_brain/inputs/imu_run.py -> /home/gautam/z_bot/src/build/bot_brain/build/lib/bot_brain/inputs
creating /home/gautam/z_bot/src/build/bot_brain/build/lib/bot_brain/outputs
copying bot_brain/outputs/__init__.py -> /home/gautam/z_bot/src/build/bot_brain/build/lib/bot_brain/outputs
creating /home/gautam/z_bot/src/build/bot_brain/build/lib/bot_brain/logic
copying bot_brain/logic/__init__.py -> /home/gautam/z_bot/src/build/bot_brain/build/lib/bot_brain/logic
copying bot_brain/logic/brain_run.py -> /home/gautam/z_bot/src/build/bot_brain/build/lib/bot_brain/logic
running install
running install_lib
creating /home/gautam/z_bot/src/install/bot_brain/lib/python3.13/site-packages/bot_brain
copying /home/gautam/z_bot/src/build/bot_brain/build/lib/bot_brain/__init__.py -> /home/gautam/z_bot/src/install/bot_brain/lib/python3.13/site-packages/bot_brain
creating /home/gautam/z_bot/src/install/bot_brain/lib/python3.13/site-packages/bot_brain/inputs
copying /home/gautam/z_bot/src/build/bot_brain/build/lib/bot_brain/inputs/__init__.py -> /home/gautam/z_bot/src/install/bot_brain/lib/python3.13/site-packages/bot_brain/inputs
copying /home/gautam/z_bot/src/build/bot_brain/build/lib/bot_brain/inputs/cam_run.py -> /home/gautam/z_bot/src/install/bot_brain/lib/python3.13/site-packages/bot_brain/inputs
copying /home/gautam/z_bot/src/build/bot_brain/build/lib/bot_brain/inputs/ultra_run.py -> /home/gautam/z_bot/src/install/bot_brain/lib/python3.13/site-packages/bot_brain/inputs
copying /home/gautam/z_bot/src/build/bot_brain/build/lib/bot_brain/inputs/yolo_run.py -> /home/gautam/z_bot/src/install/bot_brain/lib/python3.13/site-packages/bot_brain/inputs
copying /home/gautam/z_bot/src/build/bot_brain/build/lib/bot_brain/inputs/imu_run.py -> /home/gautam/z_bot/src/install/bot_brain/lib/python3.13/site-packages/bot_brain/inputs
creating /home/gautam/z_bot/src/install/bot_brain/lib/python3.13/site-packages/bot_brain/outputs
copying /home/gautam/z_bot/src/build/bot_brain/build/lib/bot_brain/outputs/__init__.py -> /home/gautam/z_bot/src/install/bot_brain/lib/python3.13/site-packages/bot_brain/outputs
copying /home/gautam/z_bot/src/build/bot_brain/build/lib/bot_brain/sound_test.py -> /home/gautam/z_bot/src/install/bot_brain/lib/python3.13/site-packages/bot_brain
creating /home/gautam/z_bot/src/install/bot_brain/lib/python3.13/site-packages/bot_brain/logic
copying /home/gautam/z_bot/src/build/bot_brain/build/lib/bot_brain/logic/__init__.py -> /home/gautam/z_bot/src/install/bot_brain/lib/python3.13/site-packages/bot_brain/logic
copying /home/gautam/z_bot/src/build/bot_brain/build/lib/bot_brain/logic/brain_run.py -> /home/gautam/z_bot/src/install/bot_brain/lib/python3.13/site-packages/bot_brain/logic
byte-compiling /home/gautam/z_bot/src/install/bot_brain/lib/python3.13/site-packages/bot_brain/__init__.py to __init__.cpython-313.pyc
byte-compiling /home/gautam/z_bot/src/install/bot_brain/lib/python3.13/site-packages/bot_brain/inputs/__init__.py to __init__.cpython-313.pyc
byte-compiling /home/gautam/z_bot/src/install/bot_brain/lib/python3.13/site-packages/bot_brain/inputs/cam_run.py to cam_run.cpython-313.pyc
byte-compiling /home/gautam/z_bot/src/install/bot_brain/lib/python3.13/site-packages/bot_brain/inputs/ultra_run.py to ultra_run.cpython-313.pyc
byte-compiling /home/gautam/z_bot/src/install/bot_brain/lib/python3.13/site-packages/bot_brain/inputs/yolo_run.py to yolo_run.cpython-313.pyc
byte-compiling /home/gautam/z_bot/src/install/bot_brain/lib/python3.13/site-packages/bot_brain/inputs/imu_run.py to imu_run.cpython-313.pyc
byte-compiling /home/gautam/z_bot/src/install/bot_brain/lib/python3.13/site-packages/bot_brain/outputs/__init__.py to __init__.cpython-313.pyc
byte-compiling /home/gautam/z_bot/src/install/bot_brain/lib/python3.13/site-packages/bot_brain/sound_test.py to sound_test.cpython-313.pyc
byte-compiling /home/gautam/z_bot/src/install/bot_brain/lib/python3.13/site-packages/bot_brain/logic/__init__.py to __init__.cpython-313.pyc
byte-compiling /home/gautam/z_bot/src/install/bot_brain/lib/python3.13/site-packages/bot_brain/logic/brain_run.py to brain_run.cpython-313.pyc
running install_data
creating /home/gautam/z_bot/src/install/bot_brain/share/ament_index/resource_index/packages
copying resource/bot_brain -> /home/gautam/z_bot/src/install/bot_brain/share/ament_index/resource_index/packages
copying package.xml -> /home/gautam/z_bot/src/install/bot_brain/share/bot_brain
running install_egg_info
Copying ../build/bot_brain/bot_brain.egg-info to /home/gautam/z_bot/src/install/bot_brain/lib/python3.13/site-packages/bot_brain-0.0.0-py3.13.egg-info
running install_scripts
Installing brain script to /home/gautam/z_bot/src/install/bot_brain/lib/bot_brain
Installing camera script to /home/gautam/z_bot/src/install/bot_brain/lib/bot_brain
Installing imu script to /home/gautam/z_bot/src/install/bot_brain/lib/bot_brain
Installing ultrasonic script to /home/gautam/z_bot/src/install/bot_brain/lib/bot_brain
Installing yolo script to /home/gautam/z_bot/src/install/bot_brain/lib/bot_brain
writing list of installed files to '/home/gautam/z_bot/src/build/bot_brain/install.log'
